build/app/outputs/mapping/release/seeds.txt
io.flutter.embedding.engine.FlutterJNI: void onBeginFrame()
androidx.lifecycle.Lifecycle$Event: androidx.lifecycle.Lifecycle$Event[] values()
androidx.appcompat.widget.Toolbar
androidx.lifecycle.ReportFragment$LifecycleCallbacks: ReportFragment$LifecycleCallbacks()
androidx.vectordrawable.graphics.drawable.VectorDrawableCompat$VFullPath: float getTrimPathStart()
io.flutter.embedding.engine.mutatorsstack.FlutterMutatorsStack$FlutterMutatorType: io.flutter.embedding.engine.mutatorsstack.FlutterMutatorsStack$FlutterMutatorType valueOf(java.lang.String)
androidx.appcompat.widget.Toolbar: Toolbar(android.content.Context,android.util.AttributeSet)
com.google.android.gms.common.api.GoogleApiActivity
androidx.appcompat.widget.AppCompatEditText: android.view.textclassifier.TextClassifier getTextClassifier()
com.dooboolab.TauEngine.Flauto$t_CODEC: com.dooboolab.TauEngine.Flauto$t_CODEC valueOf(java.lang.String)
androidx.appcompat.view.menu.ActionMenuItemView: void setPopupCallback(androidx.appcompat.view.menu.ActionMenuItemView$PopupCallback)
androidx.appcompat.widget.AppCompatSpinner: void setAdapter(android.widget.SpinnerAdapter)
androidx.appcompat.widget.AppCompatButton: void setCustomSelectionActionModeCallback(android.view.ActionMode$Callback)
io.flutter.embedding.engine.systemchannels.PlatformChannel$SystemUiOverlay: io.flutter.embedding.engine.systemchannels.PlatformChannel$SystemUiOverlay valueOf(java.lang.String)
io.flutter.view.FlutterCallbackInformation: java.lang.String callbackClassName
androidx.appcompat.widget.Toolbar: void setCollapseContentDescription(java.lang.CharSequence)
androidx.appcompat.widget.SearchView$SavedState: android.os.Parcelable$Creator CREATOR
androidx.appcompat.widget.AppCompatButton
android.support.v4.graphics.drawable.IconCompatParcelizer
com.google.android.gms.common.annotation.KeepName
androidx.appcompat.widget.SearchView: void setImeOptions(int)
io.flutter.embedding.engine.FlutterJNI: void nativeSurfaceDestroyed(long)
io.flutter.embedding.engine.FlutterJNI: void onPreEngineRestart()
io.flutter.embedding.engine.FlutterJNI: void loadLibrary()
io.flutter.embedding.engine.FlutterJNI: void onSurfaceChanged(int,int)
androidx.lifecycle.ReportFragment$LifecycleCallbacks: void onActivitySaveInstanceState(android.app.Activity,android.os.Bundle)
androidx.appcompat.widget.Toolbar: int getTitleMarginStart()
io.flutter.embedding.android.FlutterView: io.flutter.embedding.engine.FlutterEngine getAttachedFlutterEngine()
androidx.vectordrawable.graphics.drawable.VectorDrawableCompat$VFullPath: int getFillColor()
io.flutter.embedding.engine.FlutterJNI: void attachToNative()
io.flutter.embedding.engine.FlutterJNI: void nativeInvokePlatformMessageEmptyResponseCallback(long,int)
androidx.appcompat.widget.AppCompatImageView: void setSupportImageTintList(android.content.res.ColorStateList)
androidx.core.content.FileProvider: FileProvider()
androidx.appcompat.widget.AppCompatImageView: void setBackgroundDrawable(android.graphics.drawable.Drawable)
io.flutter.plugin.editing.ImeSyncDeferringInsetsCallback: io.flutter.plugin.editing.ImeSyncDeferringInsetsCallback$InsetsListener insetsListener
io.flutter.embedding.engine.FlutterJNI: void setRefreshRateFPS(float)
io.flutter.embedding.engine.FlutterJNI: boolean isAttached()
androidx.appcompat.view.menu.ActionMenuItemView: void setTitle(java.lang.CharSequence)
androidx.appcompat.widget.AppCompatSpinner: void setSupportBackgroundTintMode(android.graphics.PorterDuff$Mode)
io.flutter.embedding.engine.FlutterJNI: boolean nativeFlutterTextUtilsIsVariationSelector(int)
io.flutter.plugins.urllauncher.WebViewActivity
android.support.v4.media.session.PlaybackStateCompat$CustomAction: android.os.Parcelable$Creator CREATOR
androidx.appcompat.widget.AppCompatSpinner: androidx.appcompat.widget.AppCompatSpinner$SpinnerPopup getInternalPopup()
androidx.appcompat.widget.Toolbar: void setSubtitleTextColor(int)