build/app/outputs/mapping/release/mapping.txt
# compiler: R8
# compiler_version: 2.1.62
# min_api: 19
# pg_map_id: e104241
# common_typos_disable
...
com.google.android.gms.common.api.Api$ApiOptions$NoOptions -> com.google.android.gms.common.api.a$d$d:
com.google.android.gms.common.api.Api$BaseClientBuilder -> com.google.android.gms.common.api.a$e:
    java.util.List getImpliedScopes(java.lang.Object) -> a
    int getPriority() -> b
com.google.android.gms.common.api.Api$Client -> com.google.android.gms.common.api.a$f:
    boolean isConnected() -> a
    void disconnect() -> c
    void dump(java.lang.String,java.io.FileDescriptor,java.io.PrintWriter,java.lang.String[]) -> g
    void onUserSignOut(com.google.android.gms.common.internal.BaseGmsClient$SignOutCallbacks) -> h
    boolean isConnecting() -> i
    com.google.android.gms.common.Feature[] getAvailableFeatures() -> j
    java.lang.String getEndpointPackageName() -> k
    boolean providesSignIn() -> l
    java.util.Set getScopesForConnectionlessNonSignIn() -> m
    void getRemoteService(com.google.android.gms.common.internal.IAccountAccessor,java.util.Set) -> n
    void connect(com.google.android.gms.common.internal.BaseGmsClient$ConnectionProgressReportCallbacks) -> p
    android.content.Intent getSignInIntent() -> q
    boolean requiresSignIn() -> r
    android.os.IBinder getServiceBrokerBinder() -> s
    boolean requiresGooglePlayServices() -> v
    int getMinApkVersion() -> y
com.google.android.gms.common.api.Api$ClientKey -> com.google.android.gms.common.api.a$g:
com.google.android.gms.common.api.Api$SimpleClient -> com.google.android.gms.common.api.a$h:
    java.lang.String getServiceDescriptor() -> f
    android.os.IInterface createServiceInterface(android.os.IBinder) -> o
    java.lang.String getStartServiceAction() -> u
    void setState(int,android.os.IInterface) -> x
com.google.android.gms.common.api.ApiException -> com.google.android.gms.common.api.b:
com.google.android.gms.common.api.AvailabilityException -> com.google.android.gms.common.api.c:
    androidx.collection.ArrayMap zaba -> b
    com.google.android.gms.common.ConnectionResult getConnectionResult(com.google.android.gms.common.api.GoogleApi) -> a
    androidx.collection.ArrayMap zaj() -> b
com.google.android.gms.common.api.CommonStatusCodes -> com.google.android.gms.common.api.d:
    java.lang.String getStatusCodeString(int) -> a
com.google.android.gms.common.api.GoogleApi -> com.google.android.gms.common.api.e:
    android.content.Context mContext -> a
    com.google.android.gms.common.api.internal.GoogleApiManager zabo -> h
    com.google.android.gms.common.api.internal.ApiKey zabk -> d
    com.google.android.gms.common.api.internal.StatusExceptionMapper zabn -> g
    int mId -> f
    android.os.Looper zabl -> e
    com.google.android.gms.common.api.Api$ApiOptions zabj -> c
    com.google.android.gms.common.api.Api mApi -> b
    com.google.android.gms.common.api.internal.ApiKey getApiKey() -> a
    com.google.android.gms.common.internal.ClientSettings$Builder createClientSettingsBuilder() -> b
    com.google.android.gms.common.api.internal.BaseImplementation$ApiMethodImpl doWrite(com.google.android.gms.common.api.internal.BaseImplementation$ApiMethodImpl) -> c
    com.google.android.gms.tasks.Task doWrite(com.google.android.gms.common.api.internal.TaskApiCall) -> d
    com.google.android.gms.common.api.Api getApi() -> e
    com.google.android.gms.common.api.Api$ApiOptions getApiOptions() -> f
    android.content.Context getApplicationContext() -> g
    int getInstanceId() -> h
    android.os.Looper getLooper() -> i
    com.google.android.gms.common.api.Api$Client zaa(android.os.Looper,com.google.android.gms.common.api.internal.GoogleApiManager$zaa) -> j
com.google.android.gms.common.api.GoogleApi$Settings -> com.google.android.gms.common.api.e$a:
    android.os.Looper zabq -> b
    com.google.android.gms.common.api.GoogleApi$Settings DEFAULT_SETTINGS -> c
    com.google.android.gms.common.api.internal.StatusExceptionMapper zabp -> a