build/app/outputs/mapping/release/usage.txt
com.google.common.collect.MapDifference
com.google.common.reflect.ClassPath
io.flutter.embedding.engine.plugins.shim.ShimPluginRegistry
com.google.android.gms.internal.common.zzg
androidx.core.app.ActivityCompat:
    protected void <init>()
    public static void setPermissionCompatDelegate(androidx.core.app.ActivityCompat$PermissionCompatDelegate)
    public static boolean invalidateOptionsMenu(android.app.Activity)
    public static void startIntentSenderForResult(android.app.Activity,android.content.IntentSender,int,android.content.Intent,int,int,int,android.os.Bundle)
    public static void finishAfterTransition(android.app.Activity)
    public static android.net.Uri getReferrer(android.app.Activity)
    public static android.view.View requireViewById(android.app.Activity,int)
    public static void setEnterSharedElementCallback(android.app.Activity,androidx.core.app.SharedElementCallback)
    public static void setExitSharedElementCallback(android.app.Activity,androidx.core.app.SharedElementCallback)
    public static void postponeEnterTransition(android.app.Activity)
    public static void startPostponedEnterTransition(android.app.Activity)
    public static androidx.core.view.DragAndDropPermissionsCompat requestDragAndDropPermissions(android.app.Activity,android.view.DragEvent)
    public static void setLocusContext(android.app.Activity,androidx.core.content.LocusIdCompat,android.os.Bundle)
com.google.common.primitives.Longs$LongArrayAsList
kotlin.coroutines.CoroutineContext
com.google.common.collect.Maps$UnmodifiableEntries
androidx.viewpager.widget.PagerTitleStrip$SingleLineAllCapsTransform
androidx.appcompat.app.AlertController$AlertParams:
    public boolean mForceInverseBackground
com.google.common.collect.RegularImmutableBiMap
com.google.common.util.concurrent.CycleDetectingLockFactory$Policies$1
com.google.android.gms.common.internal.IResolveAccountCallbacks$Stub
kotlin.collections.unsigned.UArraysKt___UArraysJvmKt
kotlin.collections.AbstractMap$values$1$iterator$1
com.google.android.gms.dynamite.zza
androidx.appcompat.widget.ActivityChooserModel
androidx.viewpager.widget.ViewPager$PagerObserver
com.google.android.gms.common.server.response.zal
androidx.core.util.ObjectsCompat:
    private void <init>()
    public static int hashCode(java.lang.Object)
    public static java.lang.String toString(java.lang.Object,java.lang.String)
    public static java.lang.Object requireNonNull(java.lang.Object)
    public static java.lang.Object requireNonNull(java.lang.Object,java.lang.String)
com.google.common.collect.TreeBasedTable$1
ru.surfstudio.otp_autofill.R$style
androidx.annotation.WorkerThread
com.google.common.collect.ForwardingMultiset$StandardElementSet
com.google.common.graph.GraphBuilder
com.google.common.collect.AbstractMapBasedMultimap$SortedAsMap
com.google.android.gms.internal.auth-api-phone.zzg
androidx.media.MediaSessionManagerImplApi28$RemoteUserInfoImplApi28
androidx.lifecycle.ViewModelProvider$AndroidViewModelFactory
com.google.common.collect.ImmutableCollection$Builder
androidx.core.content.ContextCompat$Api21Impl:
    private void <init>()
com.google.android.gms.common.server.converter.StringToIntConverter$zaa
com.google.common.graph.ForwardingValueGraph
io.flutter.embedding.android.FlutterPlayStoreSplitApplication
com.google.common.util.concurrent.Striped$6
kotlin.internal.NoInfer
com.google.common.collect.ComparisonChain
androidx.fragment.app.FragmentTabHost$SavedState$1
com.google.common.io.BaseEncoding$2
androidx.appcompat.widget.AppCompatCheckBox:
    public void <init>(android.content.Context)
com.google.common.collect.Maps$IteratorBasedAbstractMap$1
com.google.android.gms.dynamite.DynamiteModule$VersionPolicy$zza
kotlin.jvm.internal.DoubleCompanionObject
kotlin.collections.GroupingKt__GroupingKt
com.google.android.gms.common.internal.zaa
androidx.core.app.ServiceCompat$StopForegroundFlags
androidx.loader.R$style
kotlin.UIntArray$Iterator
com.google.common.graph.ElementOrder